Using pre-set license
Desktop is 1366 x 768 @ 60 Hz

 COMMAND LINE ARGUMENTS:
Unity
-adb2
-batchMode
-noUpm
-name
AssetImportWorker0
-projectPath
/home/daj/Desktop/Developpement/Unity/data_visualization
-logFile
Logs/AssetImportWorker0.log
-srvPort
33657
Successfully changed project path to: /home/daj/Desktop/Developpement/Unity/data_visualization
/home/daj/Desktop/Developpement/Unity/data_visualization
Using Asset Import Pipeline V2.
Unable to load player prefs
Refreshing native plugins compatible for Editor in 34,89 ms, found 0 plugins.
Preloading 0 native plugins for Editor in 0,00 ms.
Initialize engine version: 2020.2.6f1 (8a2143876886)
[Subsystems] Discovering subsystems at path /home/daj/Unity/Hub/Editor/2020.2.6f1/Editor/Data/Resources/UnitySubsystems
[Subsystems] Discovering subsystems at path /home/daj/Desktop/Developpement/Unity/data_visualization/Assets
GLX Extensions: GLX_ARB_create_context GLX_ARB_create_context_no_error GLX_ARB_create_context_profile GLX_ARB_create_context_robustness GLX_ARB_fbconfig_float GLX_ARB_framebuffer_sRGB GLX_ARB_get_proc_address GLX_ARB_multisample GLX_EXT_buffer_age GLX_EXT_create_context_es2_profile GLX_EXT_create_context_es_profile GLX_EXT_fbconfig_packed_float GLX_EXT_framebuffer_sRGB GLX_EXT_import_context GLX_EXT_texture_from_pixmap GLX_EXT_visual_info GLX_EXT_visual_rating GLX_INTEL_swap_event GLX_MESA_copy_sub_buffer GLX_MESA_query_renderer GLX_MESA_swap_control GLX_OML_swap_method GLX_OML_sync_control GLX_SGIS_multisample GLX_SGIX_fbconfig GLX_SGIX_pbuffer GLX_SGIX_visual_select_group GLX_SGI_make_current_read GLX_SGI_swap_control GLX_SGI_video_sync 
Renderer: Mesa DRI Intel(R) HD Graphics 4400 (HSW GT2)
Vendor:   Intel Open Source Technology Center
Version:  4.5 (Core Profile) Mesa 20.0.8
GLES:     0
 GL_3DFX_texture_compression_FXT1 GL_AMD_conservative_depth GL_AMD_draw_buffers_blend GL_AMD_multi_draw_indirect GL_AMD_query_buffer_object GL_AMD_seamless_cubemap_per_texture GL_AMD_shader_trinary_minmax GL_AMD_texture_texture4 GL_AMD_vertex_shader_layer GL_AMD_vertex_shader_viewport_index GL_ANGLE_texture_compression_dxt3 GL_ANGLE_texture_compression_dxt5 GL_APPLE_object_purgeable GL_ARB_ES2_compatibility GL_ARB_ES3_1_compatibility GL_ARB_ES3_compatibility GL_ARB_arrays_of_arrays GL_ARB_base_instance GL_ARB_blend_func_extended GL_ARB_buffer_storage GL_ARB_clear_buffer_object GL_ARB_clear_texture GL_ARB_clip_control GL_ARB_compressed_texture_pixel_storage GL_ARB_compute_shader GL_ARB_conditional_render_inverted GL_ARB_conservative_depth GL_ARB_copy_buffer GL_ARB_copy_image GL_ARB_cull_distance GL_ARB_debug_output GL_ARB_depth_buffer_float GL_ARB_depth_clamp GL_ARB_derivative_control GL_ARB_direct_state_access GL_ARB_draw_buffers GL_ARB_draw_buffers_blend GL_ARB_draw_elements_base_vertex GL_ARB_draw_indirect
 GL_ARB_draw_instanced GL_ARB_enhanced_layouts GL_ARB_explicit_attrib_location GL_ARB_explicit_uniform_location GL_ARB_fragment_coord_conventions GL_ARB_fragment_layer_viewport GL_ARB_fragment_shader GL_ARB_framebuffer_no_attachments GL_ARB_framebuffer_object GL_ARB_framebuffer_sRGB GL_ARB_get_program_binary GL_ARB_get_texture_sub_image GL_ARB_gl_spirv GL_ARB_gpu_shader5 GL_ARB_gpu_shader_fp64 GL_ARB_half_float_pixel GL_ARB_half_float_vertex GL_ARB_indirect_parameters GL_ARB_instanced_arrays GL_ARB_internalformat_query GL_ARB_internalformat_query2 GL_ARB_invalidate_subdata GL_ARB_map_buffer_alignment GL_ARB_map_buffer_range GL_ARB_multi_bind GL_ARB_multi_draw_indirect GL_ARB_occlusion_query2 GL_ARB_parallel_shader_compile GL_ARB_pipeline_statistics_query GL_ARB_pixel_buffer_object GL_ARB_point_sprite GL_ARB_polygon_offset_clamp GL_ARB_program_interface_query GL_ARB_provoking_vertex GL_ARB_query_buffer_object GL_ARB_robust_buffer_access_behavior GL_ARB_robustness GL_ARB_sample_shading GL_ARB_sampler_objects G
L_ARB_seamless_cube_map GL_ARB_seamless_cubemap_per_texture GL_ARB_separate_shader_objects GL_ARB_shader_atomic_counter_ops GL_ARB_shader_atomic_counters GL_ARB_shader_bit_encoding GL_ARB_shader_clock GL_ARB_shader_draw_parameters GL_ARB_shader_group_vote GL_ARB_shader_image_load_store GL_ARB_shader_image_size GL_ARB_shader_objects GL_ARB_shader_precision GL_ARB_shader_storage_buffer_object GL_ARB_shader_subroutine GL_ARB_shader_texture_image_samples GL_ARB_shader_texture_lod GL_ARB_shader_viewport_layer_array GL_ARB_shading_language_420pack GL_ARB_shading_language_include GL_ARB_shading_language_packing GL_ARB_spirv_extensions GL_ARB_stencil_texturing GL_ARB_sync GL_ARB_tessellation_shader GL_ARB_texture_barrier GL_ARB_texture_buffer_object GL_ARB_texture_buffer_object_rgb32 GL_ARB_texture_buffer_range GL_ARB_texture_compression_bptc GL_ARB_texture_compression_rgtc GL_ARB_texture_cube_map_array GL_ARB_texture_filter_anisotropic GL_ARB_texture_float GL_ARB_texture_gather GL_ARB_texture_mirror_clamp_to_edge G
L_ARB_texture_multisample GL_ARB_texture_non_power_of_two GL_ARB_texture_query_levels GL_ARB_texture_query_lod GL_ARB_texture_rectangle GL_ARB_texture_rg GL_ARB_texture_rgb10_a2ui GL_ARB_texture_stencil8 GL_ARB_texture_storage GL_ARB_texture_storage_multisample GL_ARB_texture_swizzle GL_ARB_texture_view GL_ARB_timer_query GL_ARB_transform_feedback2 GL_ARB_transform_feedback3 GL_ARB_transform_feedback_instanced GL_ARB_transform_feedback_overflow_query GL_ARB_uniform_buffer_object GL_ARB_vertex_array_bgra GL_ARB_vertex_array_object GL_ARB_vertex_attrib_64bit GL_ARB_vertex_attrib_binding GL_ARB_vertex_buffer_object GL_ARB_vertex_shader GL_ARB_vertex_type_10f_11f_11f_rev GL_ARB_vertex_type_2_10_10_10_rev GL_ARB_viewport_array GL_ATI_blend_equation_separate GL_ATI_texture_float GL_EXT_EGL_image_storage GL_EXT_EGL_sync GL_EXT_abgr GL_EXT_blend_equation_separate GL_EXT_demote_to_helper_invocation GL_EXT_draw_buffers2 GL_EXT_draw_instanced GL_EXT_framebuffer_blit GL_EXT_framebuffer_multisample GL_EXT_framebuffer_mul
tisample_blit_scaled GL_EXT_framebuffer_object GL_EXT_framebuffer_sRGB GL_EXT_packed_depth_stencil GL_EXT_packed_float GL_EXT_pixel_buffer_object GL_EXT_polygon_offset_clamp GL_EXT_provoking_vertex GL_EXT_shader_framebuffer_fetch_non_coherent GL_EXT_shader_integer_mix GL_EXT_shader_samples_identical GL_EXT_texture_array GL_EXT_texture_compression_dxt1 GL_EXT_texture_compression_rgtc GL_EXT_texture_compression_s3tc GL_EXT_texture_filter_anisotropic GL_EXT_texture_integer GL_EXT_texture_sRGB GL_EXT_texture_sRGB_R8 GL_EXT_texture_sRGB_decode GL_EXT_texture_shadow_lod GL_EXT_texture_shared_exponent GL_EXT_texture_snorm GL_EXT_texture_swizzle GL_EXT_timer_query GL_EXT_transform_feedback GL_EXT_vertex_array_bgra GL_EXT_vertex_attrib_64bit GL_IBM_multimode_draw_arrays GL_INTEL_performance_query GL_KHR_blend_equation_advanced GL_KHR_context_flush_control GL_KHR_debug GL_KHR_no_error GL_KHR_parallel_shader_compile GL_KHR_robust_buffer_access_behavior GL_KHR_robustness GL_MESA_framebuffer_flip_y GL_MESA_pack_invert GL
_MESA_shader_integer_functions GL_MESA_texture_signed_rgba GL_NV_compute_shader_derivatives GL_NV_conditional_render GL_NV_depth_clamp GL_NV_packed_depth_stencil GL_NV_texture_barrier GL_OES_EGL_image GL_S3_s3tc
OPENGL LOG: Creating OpenGL 4.5 graphics device ; Context level  <OpenGL 4.5> ; Context handle 923785344
Initialize mono
Mono path[0] = '/home/daj/Unity/Hub/Editor/2020.2.6f1/Editor/Data/Managed'
Mono path[1] = '/home/daj/Unity/Hub/Editor/2020.2.6f1/Editor/Data/MonoBleedingEdge/lib/mono/unityjit'
Mono config path = '/home/daj/Unity/Hub/Editor/2020.2.6f1/Editor/Data/MonoBleedingEdge/etc'
Using monoOptions --debugger-agent=transport=dt_socket,embedding=1,server=y,suspend=n,address=127.0.0.1:56926
Begin MonoManager ReloadAssembly
Registering precompiled unity dll's ...
Register platform support module: /home/daj/Unity/Hub/Editor/2020.2.6f1/Editor/Data/PlaybackEngines/LinuxStandaloneSupport/UnityEditor.LinuxStandalone.Extensions.dll
Registered in 0,002698 seconds.
Native extension for LinuxStandalone target not found
Refreshing native plugins compatible for Editor in 42,94 ms, found 0 plugins.
Preloading 0 native plugins for Editor in 0,00 ms.
Invoked RoslynAnalysisRunner static constructor.
RoslynAnalysisRunner will not be running.
RoslynAnalysisRunner has terminated.
Mono: successfully reloaded assembly
- Completed reload, in  3,166 seconds
Platform modules already initialized, skipping
Registering precompiled user dll's ...
Registered in 0,001638 seconds.
Begin MonoManager ReloadAssembly
Native extension for LinuxStandalone target not found
Refreshing native plugins compatible for Editor in 0,27 ms, found 0 plugins.
Preloading 0 native plugins for Editor in 0,00 ms.
Invoked RoslynAnalysisRunner static constructor.
RoslynAnalysisRunner will not be running.
RoslynAnalysisRunner has terminated.
Mono: successfully reloaded assembly
- Completed reload, in  1,322 seconds
Platform modules already initialized, skipping
========================================================================
Worker process is ready to serve import requests
Launched and connected shader compiler UnityShaderCompiler after 0.07 seconds
Refreshing native plugins compatible for Editor in 0,43 ms, found 0 plugins.
Preloading 0 native plugins for Editor in 0,00 ms.
Unloading 1143 Unused Serialized files (Serialized files now loaded: 0)
System memory in use before: 51,8 MB.
System memory in use after: 51,9 MB.

Unloading 10 unused Assets to reduce memory usage. Loaded Objects now: 1584.
Total: 4,434858 ms (FindLiveObjects: 0,230977 ms CreateObjectMapping: 0,083071 ms MarkObjects: 3,879236 ms  DeleteObjects: 0,238183 ms)

========================================================================
Received Import Request.
  path: Assets/DataBall.prefab
  artifactKey: Guid(38e51ff6a53e36b4694188da7c8f41c2) Importer(815301076,1909f56bfc062723c751e8b465ee728b)
Start importing Assets/DataBall.prefab using Guid(38e51ff6a53e36b4694188da7c8f41c2) Importer(815301076,1909f56bfc062723c751e8b465ee728b)  -> (artifact id: '6bdc7c79102b9ec4cc07b9af57d4e733') in 0,695941 seconds
  Import took 0,700563 seconds .

========================================================================
Received Import Request.
  Time since last request: 11,368793 seconds.
  path: Assets/_Scene.unity
  artifactKey: Guid(c946c5afb903c3243bde9869ee597672) Importer(815301076,1909f56bfc062723c751e8b465ee728b)
Start importing Assets/_Scene.unity using Guid(c946c5afb903c3243bde9869ee597672) Importer(815301076,1909f56bfc062723c751e8b465ee728b)  -> (artifact id: '2a41ae3643a8091cdb8136c4cbf29180') in 0,001866 seconds
  Import took 0,005069 seconds .

========================================================================
Received Import Request.
  Time since last request: 0,055662 seconds.
  path: Assets/_Scene.unity
  artifactKey: Guid(c946c5afb903c3243bde9869ee597672) Importer(815301076,1909f56bfc062723c751e8b465ee728b)
Start importing Assets/_Scene.unity using Guid(c946c5afb903c3243bde9869ee597672) Importer(815301076,1909f56bfc062723c751e8b465ee728b)  -> (artifact id: '2a41ae3643a8091cdb8136c4cbf29180') in 0,001334 seconds
  Import took 0,004121 seconds .

========================================================================
Received Import Request.
  Time since last request: 302,281842 seconds.
  path: Assets/DataPlotter.cs
  artifactKey: Guid(3735dc8af6895994c9ad9e8a46cb87d5) Importer(815301076,1909f56bfc062723c751e8b465ee728b)
Start importing Assets/DataPlotter.cs using Guid(3735dc8af6895994c9ad9e8a46cb87d5) Importer(815301076,1909f56bfc062723c751e8b465ee728b)  -> (artifact id: '12a5ea2dd8d638b756a9f715131a4d47') in 0,002430 seconds
  Import took 0,008477 seconds .

========================================================================
Received Import Request.
  Time since last request: 0,007383 seconds.
  path: Assets/DataPlotter.cs
  artifactKey: Guid(3735dc8af6895994c9ad9e8a46cb87d5) Importer(815301076,1909f56bfc062723c751e8b465ee728b)
Start importing Assets/DataPlotter.cs using Guid(3735dc8af6895994c9ad9e8a46cb87d5) Importer(815301076,1909f56bfc062723c751e8b465ee728b)  -> (artifact id: '12a5ea2dd8d638b756a9f715131a4d47') in 0,002515 seconds
  Import took 0,011961 seconds .

========================================================================
Received Import Request.
  Time since last request: 22,508329 seconds.
  path: Assets/Standard Assets
  artifactKey: Guid(238dd03b79f3e954192b0124bd2eca00) Importer(815301076,1909f56bfc062723c751e8b465ee728b)
Start importing Assets/Standard Assets using Guid(238dd03b79f3e954192b0124bd2eca00) Importer(815301076,1909f56bfc062723c751e8b465ee728b)  -> (artifact id: '073aaed542fb87d8eb5636903c979aa8') in 0,001536 seconds
  Import took 0,007263 seconds .

========================================================================
Received Import Request.
  Time since last request: 1,346338 seconds.
  path: Assets/Scenes
  artifactKey: Guid(9b4819429373a3ad78f0591562729d00) Importer(815301076,1909f56bfc062723c751e8b465ee728b)
Start importing Assets/Scenes using Guid(9b4819429373a3ad78f0591562729d00) Importer(815301076,1909f56bfc062723c751e8b465ee728b)  -> (artifact id: '0cd26d9ed8442dbd2adfbc998c175597') in 0,002442 seconds
  Import took 0,006181 seconds .

========================================================================
Received Import Request.
  Time since last request: 1,529975 seconds.
  path: Assets/Resources
  artifactKey: Guid(2a13e49cbec7cc04cbbb881493270a52) Importer(815301076,1909f56bfc062723c751e8b465ee728b)
Start importing Assets/Resources using Guid(2a13e49cbec7cc04cbbb881493270a52) Importer(815301076,1909f56bfc062723c751e8b465ee728b)  -> (artifact id: '1abafb39164e8d2c7424c485aeffe75d') in 0,001030 seconds
  Import took 0,006379 seconds .

========================================================================
Received Import Request.
  Time since last request: 1667,440004 seconds.
  path: Assets/CSVReader.cs
  artifactKey: Guid(375534aa6a7c30143bc196f5c37c24d7) Importer(815301076,1909f56bfc062723c751e8b465ee728b)
Start importing Assets/CSVReader.cs using Guid(375534aa6a7c30143bc196f5c37c24d7) Importer(815301076,1909f56bfc062723c751e8b465ee728b)  -> (artifact id: '4ac65ef54ac7a54ea5f73ad9deaed9b1') in 0,034109 seconds
  Import took 0,049651 seconds .

========================================================================
Received Prepare
Registering precompiled user dll's ...
Registered in 0,001082 seconds.
Begin MonoManager ReloadAssembly
Native extension for LinuxStandalone target not found
Refreshing native plugins compatible for Editor in 0,46 ms, found 0 plugins.
Preloading 0 native plugins for Editor in 0,00 ms.
Invoked RoslynAnalysisRunner static constructor.
RoslynAnalysisRunner will not be running.
RoslynAnalysisRunner has terminated.
Mono: successfully reloaded assembly
- Completed reload, in  1,555 seconds
Platform modules already initialized, skipping
Refreshing native plugins compatible for Editor in 0,36 ms, found 0 plugins.
Preloading 0 native plugins for Editor in 0,00 ms.
Unloading 1138 Unused Serialized files (Serialized files now loaded: 0)
System memory in use before: 53,3 MB.
System memory in use after: 53,4 MB.

Unloading 6 unused Assets to reduce memory usage. Loaded Objects now: 1594.
Total: 4,173525 ms (FindLiveObjects: 0,320562 ms CreateObjectMapping: 0,081239 ms MarkObjects: 3,676336 ms  DeleteObjects: 0,092121 ms)

========================================================================
Received Prepare
Registering precompiled user dll's ...
Registered in 0,001395 seconds.
Begin MonoManager ReloadAssembly
Native extension for LinuxStandalone target not found
Refreshing native plugins compatible for Editor in 0,38 ms, found 0 plugins.
Preloading 0 native plugins for Editor in 0,00 ms.
Invoked RoslynAnalysisRunner static constructor.
RoslynAnalysisRunner will not be running.
RoslynAnalysisRunner has terminated.
Mono: successfully reloaded assembly
- Completed reload, in  1,684 seconds
Platform modules already initialized, skipping
Refreshing native plugins compatible for Editor in 0,29 ms, found 0 plugins.
Preloading 0 native plugins for Editor in 0,00 ms.
Unloading 1138 Unused Serialized files (Serialized files now loaded: 0)
System memory in use before: 53,3 MB.
System memory in use after: 53,4 MB.

Unloading 5 unused Assets to reduce memory usage. Loaded Objects now: 1596.
Total: 4,028238 ms (FindLiveObjects: 0,293587 ms CreateObjectMapping: 0,121167 ms MarkObjects: 3,534461 ms  DeleteObjects: 0,076034 ms)

========================================================================
Received Prepare
Registering precompiled user dll's ...
Registered in 0,013286 seconds.
Begin MonoManager ReloadAssembly
Native extension for LinuxStandalone target not found
Refreshing native plugins compatible for Editor in 0,25 ms, found 0 plugins.
Preloading 0 native plugins for Editor in 0,00 ms.
Invoked RoslynAnalysisRunner static constructor.
RoslynAnalysisRunner will not be running.
RoslynAnalysisRunner has terminated.
Mono: successfully reloaded assembly
- Completed reload, in  1,853 seconds
Platform modules already initialized, skipping
Refreshing native plugins compatible for Editor in 0,40 ms, found 0 plugins.
Preloading 0 native plugins for Editor in 0,00 ms.
Unloading 1138 Unused Serialized files (Serialized files now loaded: 0)
System memory in use before: 53,3 MB.
System memory in use after: 53,4 MB.

Unloading 5 unused Assets to reduce memory usage. Loaded Objects now: 1598.
Total: 4,825960 ms (FindLiveObjects: 0,391829 ms CreateObjectMapping: 0,177245 ms MarkObjects: 4,141281 ms  DeleteObjects: 0,111133 ms)

========================================================================
Received Prepare
Registering precompiled user dll's ...
Registered in 0,014180 seconds.
Begin MonoManager ReloadAssembly
Native extension for LinuxStandalone target not found
Refreshing native plugins compatible for Editor in 0,25 ms, found 0 plugins.
Preloading 0 native plugins for Editor in 0,00 ms.
Invoked RoslynAnalysisRunner static constructor.
RoslynAnalysisRunner will not be running.
RoslynAnalysisRunner has terminated.
Mono: successfully reloaded assembly
- Completed reload, in  1,484 seconds
Platform modules already initialized, skipping
Refreshing native plugins compatible for Editor in 0,38 ms, found 0 plugins.
Preloading 0 native plugins for Editor in 0,00 ms.
Unloading 1138 Unused Serialized files (Serialized files now loaded: 0)
System memory in use before: 53,3 MB.
System memory in use after: 53,4 MB.

Unloading 5 unused Assets to reduce memory usage. Loaded Objects now: 1600.
Total: 4,082033 ms (FindLiveObjects: 0,263927 ms CreateObjectMapping: 0,165436 ms MarkObjects: 3,577646 ms  DeleteObjects: 0,071948 ms)

========================================================================
Received Import Request.
  Time since last request: 22956,234424 seconds.
  path: Assets/Standard Assets/Utility/Prefabs/FramerateCounter.prefab
  artifactKey: Guid(81154777d5417884981849c5243f6c01) Importer(815301076,1909f56bfc062723c751e8b465ee728b)
Start importing Assets/Standard Assets/Utility/Prefabs/FramerateCounter.prefab using Guid(81154777d5417884981849c5243f6c01) Importer(815301076,1909f56bfc062723c751e8b465ee728b)  -> (artifact id: '9e2254a71c11e4a780ce7be48fdfad60') in 0,115850 seconds
  Import took 0,141688 seconds .

========================================================================
Received Import Request.
  Time since last request: 0,000214 seconds.
  path: Assets/Standard Assets/Utility/Prefabs
  artifactKey: Guid(b43a4ef15621158419a2b639f7a98245) Importer(815301076,1909f56bfc062723c751e8b465ee728b)
Start importing Assets/Standard Assets/Utility/Prefabs using Guid(b43a4ef15621158419a2b639f7a98245) Importer(815301076,1909f56bfc062723c751e8b465ee728b)  -> (artifact id: '588fe50b7e21b451f0a415e8a9c7bb1d') in 0,001405 seconds
  Import took 0,023265 seconds .

